<html>
<head>
<title>TestNG:  Test</title>
<link href="../testng.css" rel="stylesheet" type="text/css" />
<link href="../my-testng.css" rel="stylesheet" type="text/css" />

<style type="text/css">
.log { display: none;} 
.stack-trace { display: none;} 
</style>
<script type="text/javascript">
<!--
function flip(e) {
  current = e.style.display;
  if (current == 'block') {
    e.style.display = 'none';
    return 0;
  }
  else {
    e.style.display = 'block';
    return 1;
  }
}

function toggleBox(szDivId, elem, msg1, msg2)
{
  var res = -1;  if (document.getElementById) {
    res = flip(document.getElementById(szDivId));
  }
  else if (document.all) {
    // this is the way old msie versions work
    res = flip(document.all[szDivId]);
  }
  if(elem) {
    if(res == 0) elem.innerHTML = msg1; else elem.innerHTML = msg2;
  }

}

function toggleAllBoxes() {
  if (document.getElementsByTagName) {
    d = document.getElementsByTagName('div');
    for (i = 0; i < d.length; i++) {
      if (d[i].className == 'log') {
        flip(d[i]);
      }
    }
  }
}

// -->
</script>

</head>
<body>
<h2 align='center'>Test</h2><table border='1' align="center">
<tr>
<td>Tests passed/Failed/Skipped:</td><td>9/2/0</td>
</tr><tr>
<td>Started on:</td><td>Mon Aug 31 22:16:30 IST 2020</td>
</tr>
<tr><td>Total time:</td><td>648 seconds (648195 ms)</td>
</tr><tr>
<td>Included groups:</td><td></td>
</tr><tr>
<td>Excluded groups:</td><td></td>
</tr>
</table><p/>
<small><i>(Hover the method name to see the test class name)</i></small><p/>
<table width='100%' border='1' class='invocation-failed'>
<tr><td colspan='4' align='center'><b>FAILED TESTS</b></td></tr>
<tr><td><b>Test method</b></td>
<td width="30%"><b>Exception</b></td>
<td width="10%"><b>Time (seconds)</b></td>
<td><b>Instance</b></td>
</tr>
<tr>
<td title='scripts.WPNEngagementTest.invalidWPNEngagement()'><b>invalidWPNEngagement</b><br>Test class: scripts.WPNEngagementTest<br>Parameters: engagement5, <script>'alert\x281\x29'instanceof{[Symbol.hasInstance]:eval}</script>, <script>'alert\x281\x29'instanceof{[Symbol.hasInstance]:eval}</script>, https://www.google.com, Personal Loan, <script>'alert\x281\x29'instanceof{[Symbol.hasInstance]:eval}</script>, https://www.google.com, <script>'alert\x281\x29'instanceof{[Symbol.hasInstance]:eval}</script>, <script>'alert\x281\x29'instanceof{[Symbol.hasInstance]:eval}</script>, https://www.google.com, On Trigger, Immediately, Insecure content detected. Please verify and try again.</td>
<td><div><pre>java.lang.AssertionError: did not expect to find [true] but found [false]
	at scripts.WPNEngagementTest.verification(WPNEngagementTest.java:255)
	at scripts.WPNEngagementTest.invalidWPNEngagement(WPNEngagementTest.java:147)
	at java.util.concurrent.ThreadPoolExecutor.runWorker(ThreadPoolExecutor.java:1149)
	at java.util.concurrent.ThreadPoolExecutor$Worker.run(ThreadPoolExecutor.java:624)
	at java.lang.Thread.run(Thread.java:748)
... Removed 16 stack frames</pre></div><a href='#' onClick='toggleBox("stack-trace2451194", this, "Click to show all stack frames", "Click to hide stack frames")'>Click to show all stack frames</a>
<div class='stack-trace' id='stack-trace2451194'><pre>java.lang.AssertionError: did not expect to find [true] but found [false]
	at org.testng.Assert.fail(Assert.java:97)
	at org.testng.Assert.failNotEquals(Assert.java:969)
	at org.testng.Assert.assertTrue(Assert.java:43)
	at org.testng.Assert.assertTrue(Assert.java:53)
	at scripts.WPNEngagementTest.verification(WPNEngagementTest.java:255)
	at scripts.WPNEngagementTest.invalidWPNEngagement(WPNEngagementTest.java:147)
	at sun.reflect.NativeMethodAccessorImpl.invoke0(Native Method)
	at sun.reflect.NativeMethodAccessorImpl.invoke(NativeMethodAccessorImpl.java:62)
	at sun.reflect.DelegatingMethodAccessorImpl.invoke(DelegatingMethodAccessorImpl.java:43)
	at java.lang.reflect.Method.invoke(Method.java:498)
	at org.testng.internal.MethodInvocationHelper.invokeMethod(MethodInvocationHelper.java:133)
	at org.testng.internal.TestInvoker.invokeMethod(TestInvoker.java:584)
	at org.testng.internal.TestInvoker.invokeTestMethod(TestInvoker.java:172)
	at org.testng.internal.MethodRunner.runInSequence(MethodRunner.java:46)
	at org.testng.internal.TestInvoker$MethodInvocationAgent.invoke(TestInvoker.java:804)
	at org.testng.internal.TestInvoker.invokeTestMethods(TestInvoker.java:145)
	at org.testng.internal.TestMethodWorker.invokeTestMethods(TestMethodWorker.java:146)
	at org.testng.internal.TestMethodWorker.run(TestMethodWorker.java:128)
	at java.util.concurrent.ThreadPoolExecutor.runWorker(ThreadPoolExecutor.java:1149)
	at java.util.concurrent.ThreadPoolExecutor$Worker.run(ThreadPoolExecutor.java:624)
	at java.lang.Thread.run(Thread.java:748)
</pre></div></td>
<td>47</td>
<td>scripts.WPNEngagementTest@20d28811</td></tr>
<tr>
<td title='scripts.WPNEngagementTest.invalidWPNEngagement()'><b>invalidWPNEngagement</b><br>Test class: scripts.WPNEngagementTest<br>Parameters: engagement6, <script>location='javascript:alert\x281\x29'</script>, <script>location='javascript:alert\x281\x29'</script>, https://www.google.com, Personal Loan, <script>location='javascript:alert\x281\x29'</script>, https://www.google.com, <script>location='javascript:alert\x281\x29'</script>, <script>location='javascript:alert\x281\x29'</script>, https://www.google.com, On Trigger, Immediately, Insecure content detected. Please verify and try again.</td>
<td><div><pre>java.lang.AssertionError: did not expect to find [true] but found [false]
	at scripts.WPNEngagementTest.verification(WPNEngagementTest.java:255)
	at scripts.WPNEngagementTest.invalidWPNEngagement(WPNEngagementTest.java:147)
	at java.util.concurrent.ThreadPoolExecutor.runWorker(ThreadPoolExecutor.java:1149)
	at java.util.concurrent.ThreadPoolExecutor$Worker.run(ThreadPoolExecutor.java:624)
	at java.lang.Thread.run(Thread.java:748)
... Removed 16 stack frames</pre></div><a href='#' onClick='toggleBox("stack-trace613531199", this, "Click to show all stack frames", "Click to hide stack frames")'>Click to show all stack frames</a>
<div class='stack-trace' id='stack-trace613531199'><pre>java.lang.AssertionError: did not expect to find [true] but found [false]
	at org.testng.Assert.fail(Assert.java:97)
	at org.testng.Assert.failNotEquals(Assert.java:969)
	at org.testng.Assert.assertTrue(Assert.java:43)
	at org.testng.Assert.assertTrue(Assert.java:53)
	at scripts.WPNEngagementTest.verification(WPNEngagementTest.java:255)
	at scripts.WPNEngagementTest.invalidWPNEngagement(WPNEngagementTest.java:147)
	at sun.reflect.NativeMethodAccessorImpl.invoke0(Native Method)
	at sun.reflect.NativeMethodAccessorImpl.invoke(NativeMethodAccessorImpl.java:62)
	at sun.reflect.DelegatingMethodAccessorImpl.invoke(DelegatingMethodAccessorImpl.java:43)
	at java.lang.reflect.Method.invoke(Method.java:498)
	at org.testng.internal.MethodInvocationHelper.invokeMethod(MethodInvocationHelper.java:133)
	at org.testng.internal.TestInvoker.invokeMethod(TestInvoker.java:584)
	at org.testng.internal.TestInvoker.invokeTestMethod(TestInvoker.java:172)
	at org.testng.internal.MethodRunner.runInSequence(MethodRunner.java:46)
	at org.testng.internal.TestInvoker$MethodInvocationAgent.invoke(TestInvoker.java:804)
	at org.testng.internal.TestInvoker.invokeTestMethods(TestInvoker.java:145)
	at org.testng.internal.TestMethodWorker.invokeTestMethods(TestMethodWorker.java:146)
	at org.testng.internal.TestMethodWorker.run(TestMethodWorker.java:128)
	at java.util.concurrent.ThreadPoolExecutor.runWorker(ThreadPoolExecutor.java:1149)
	at java.util.concurrent.ThreadPoolExecutor$Worker.run(ThreadPoolExecutor.java:624)
	at java.lang.Thread.run(Thread.java:748)
</pre></div></td>
<td>44</td>
<td>scripts.WPNEngagementTest@20d28811</td></tr>
</table><p>
<table width='100%' border='1' class='invocation-passed'>
<tr><td colspan='4' align='center'><b>PASSED TESTS</b></td></tr>
<tr><td><b>Test method</b></td>
<td width="30%"><b>Exception</b></td>
<td width="10%"><b>Time (seconds)</b></td>
<td><b>Instance</b></td>
</tr>
<tr>
<td title='scripts.SegmentTest.editSegmentTest()'><b>editSegmentTest</b><br>Test class: scripts.SegmentTest</td>
<td></td>
<td>24</td>
<td>scripts.SegmentTest@3cc2931c</td></tr>
<tr>
<td title='scripts.WPNEngagementTest.invalidWPNEngagement()'><b>invalidWPNEngagement</b><br>Test class: scripts.WPNEngagementTest<br>Parameters: engagement3, <input onselect=alert(1) value="XSS" autofocus>, <input onselect=alert(1) value="XSS" autofocus>, https://www.google.com, Personal Loan, <input onselect=alert(1) value="XSS" autofocus>, https://www.google.com, <input onselect=alert(1) value="XSS" autofocus>, <input onselect=alert(1) value="XSS" autofocus>, https://www.google.com, On Trigger, Immediately, Insecure content detected. Please verify and try again.</td>
<td></td>
<td>57</td>
<td>scripts.WPNEngagementTest@20d28811</td></tr>
<tr>
<td title='scripts.WPNEngagementTest.invalidWPNEngagement()'><b>invalidWPNEngagement</b><br>Test class: scripts.WPNEngagementTest<br>Parameters: engagement4, <audio autoplay controls onseeking=alert(1)><source src="validaudio.wav" type="audio/wav"></audio>, <audio autoplay controls onseeking=alert(1)><source src="validaudio.wav" type="audio/wav"></audio>, https://www.google.com, Personal Loan, <audio autoplay controls onseeking=alert(1)><source src="validaudio.wav" type="audio/wav"></audio>, https://www.google.com, <audio autoplay controls onseeking=alert(1)><source src="validaudio.wav" type="audio/wav"></audio>, <audio autoplay controls onseeking=alert(1)><source src="validaudio.wav" type="audio/wav"></audio>, https://www.google.com, On Trigger, Immediately, Insecure content detected. Please verify and try again.</td>
<td></td>
<td>50</td>
<td>scripts.WPNEngagementTest@20d28811</td></tr>
<tr>
<td title='scripts.WPNEngagementTest.invalidWPNEngagement()'><b>invalidWPNEngagement</b><br>Test class: scripts.WPNEngagementTest<br>Parameters: NoLabel, title goes here, message goes here, https://www.google.com, Prsonal Loan, text goes herer, https://www.google.com, fallbacktitle, fallbackmessage, https://www.google.com, On Trigger, Immediately, Please fill all the required fields</td>
<td></td>
<td>43</td>
<td>scripts.WPNEngagementTest@20d28811</td></tr>
<tr>
<td title='scripts.WPNEngagementTest.invalidWPNEngagement()'><b>invalidWPNEngagement</b><br>Test class: scripts.WPNEngagementTest<br>Parameters: NoLabel, title goes here, message goes here, https://www.google.com, Prsonal Loan, text goes herer, https://www.google.com, fallbacktitle, fallbackmessage, https://www.google.com, On Trigger, Immediately, Please fill all the required fields</td>
<td></td>
<td>35</td>
<td>scripts.WPNEngagementTest@20d28811</td></tr>
<tr>
<td title='scripts.WPNEngagementTest.invalidWPNEngagement()'><b>invalidWPNEngagement</b><br>Test class: scripts.WPNEngagementTest<br>Parameters: inValidSchedule, title goes here, message goes here, https://www.google.com, Personal Loan, text goes herer, https://www.google.com, fallbacktitle, fallbackmessage, https://www.google.com, On Trigger, Decide your own, `Decide you own time in minutes` field accepts values between 5 and 14400</td>
<td></td>
<td>32</td>
<td>scripts.WPNEngagementTest@20d28811</td></tr>
<tr>
<td title='scripts.WPNEngagementTest.invalidWPNEngagement()'><b>invalidWPNEngagement</b><br>Test class: scripts.WPNEngagementTest<br>Parameters: validInput1, title goes here, message goes here, https://www.google.com, Personal Loan, text goes herer, https://www.google.com, fallbacktitle, fallbackmessage, https://www.google.com, On Trigger, Immediately, Engagement created Successfully</td>
<td></td>
<td>35</td>
<td>scripts.WPNEngagementTest@20d28811</td></tr>
<tr>
<td title='scripts.WPNEngagementTest.invalidWPNEngagement()'><b>invalidWPNEngagement</b><br>Test class: scripts.WPNEngagementTest<br>Parameters: vallidinput2, title goes here, message goes here, https://www.google.com, Personal Loan, text goes herer, https://www.google.com, fallbacktitle, fallbackmessage, https://www.google.com, On Trigger, Immediately, Engagement created Successfully</td>
<td></td>
<td>35</td>
<td>scripts.WPNEngagementTest@20d28811</td></tr>
<tr>
<td title='scripts.SegmentTest.segmentCreationTest()'><b>segmentCreationTest</b><br>Test class: scripts.SegmentTest</td>
<td></td>
<td>31</td>
<td>scripts.SegmentTest@3cc2931c</td></tr>
</table><p>
</body>
</html>