<?xml version="1.0" encoding="UTF-8"?>
<!-- Generated by org.testng.reporters.JUnitReportReporter -->
<testsuite skipped="1" hostname="fayazahamed" name="scripts.WPNEngagementTest" tests="10" failures="2" timestamp="2020-08-31T22:27:34 IST" time="383.878" errors="0">
  <testcase name="invalidWPNEngagement" time="35.794" classname="scripts.WPNEngagementTest"/>
  <testcase name="invalidWPNEngagement" time="57.883" classname="scripts.WPNEngagementTest"/>
  <testcase name="invalidWPNEngagement" time="50.945" classname="scripts.WPNEngagementTest"/>
  <testcase name="invalidWPNEngagement" time="43.781" classname="scripts.WPNEngagementTest"/>
  <testcase name="invalidWPNEngagement" time="35.213" classname="scripts.WPNEngagementTest"/>
  <testcase name="invalidWPNEngagement" time="32.588" classname="scripts.WPNEngagementTest"/>
  <testcase name="invalidWPNEngagement" time="35.449" classname="scripts.WPNEngagementTest"/>
  <testcase name="invalidWPNEngagement" time="44.926" classname="scripts.WPNEngagementTest">
    <failure type="java.lang.AssertionError" message="did not expect to find [true] but found [false]">
      <![CDATA[java.lang.AssertionError: did not expect to find [true] but found [false]
at org.testng.Assert.fail(Assert.java:97)
at org.testng.Assert.failNotEquals(Assert.java:969)
at org.testng.Assert.assertTrue(Assert.java:43)
at org.testng.Assert.assertTrue(Assert.java:53)
at scripts.WPNEngagementTest.verification(WPNEngagementTest.java:255)
at scripts.WPNEngagementTest.invalidWPNEngagement(WPNEngagementTest.java:147)
at sun.reflect.NativeMethodAccessorImpl.invoke0(Native Method)
at sun.reflect.NativeMethodAccessorImpl.invoke(NativeMethodAccessorImpl.java:62)
at sun.reflect.DelegatingMethodAccessorImpl.invoke(DelegatingMethodAccessorImpl.java:43)
at java.lang.reflect.Method.invoke(Method.java:498)
at org.testng.internal.MethodInvocationHelper.invokeMethod(MethodInvocationHelper.java:133)
at org.testng.internal.TestInvoker.invokeMethod(TestInvoker.java:584)
at org.testng.internal.TestInvoker.invokeTestMethod(TestInvoker.java:172)
at org.testng.internal.MethodRunner.runInSequence(MethodRunner.java:46)
at org.testng.internal.TestInvoker$MethodInvocationAgent.invoke(TestInvoker.java:804)
at org.testng.internal.TestInvoker.invokeTestMethods(TestInvoker.java:145)
at org.testng.internal.TestMethodWorker.invokeTestMethods(TestMethodWorker.java:146)
at org.testng.internal.TestMethodWorker.run(TestMethodWorker.java:128)
at java.util.concurrent.ThreadPoolExecutor.runWorker(ThreadPoolExecutor.java:1149)
at java.util.concurrent.ThreadPoolExecutor$Worker.run(ThreadPoolExecutor.java:624)
at java.lang.Thread.run(Thread.java:748)
]]>
    </failure>
  </testcase> <!-- invalidWPNEngagement -->
  <testcase name="invalidWPNEngagement" time="47.299" classname="scripts.WPNEngagementTest">
    <failure type="java.lang.AssertionError" message="did not expect to find [true] but found [false]">
      <![CDATA[java.lang.AssertionError: did not expect to find [true] but found [false]
at org.testng.Assert.fail(Assert.java:97)
at org.testng.Assert.failNotEquals(Assert.java:969)
at org.testng.Assert.assertTrue(Assert.java:43)
at org.testng.Assert.assertTrue(Assert.java:53)
at scripts.WPNEngagementTest.verification(WPNEngagementTest.java:255)
at scripts.WPNEngagementTest.invalidWPNEngagement(WPNEngagementTest.java:147)
at sun.reflect.NativeMethodAccessorImpl.invoke0(Native Method)
at sun.reflect.NativeMethodAccessorImpl.invoke(NativeMethodAccessorImpl.java:62)
at sun.reflect.DelegatingMethodAccessorImpl.invoke(DelegatingMethodAccessorImpl.java:43)
at java.lang.reflect.Method.invoke(Method.java:498)
at org.testng.internal.MethodInvocationHelper.invokeMethod(MethodInvocationHelper.java:133)
at org.testng.internal.TestInvoker.invokeMethod(TestInvoker.java:584)
at org.testng.internal.TestInvoker.invokeTestMethod(TestInvoker.java:172)
at org.testng.internal.MethodRunner.runInSequence(MethodRunner.java:46)
at org.testng.internal.TestInvoker$MethodInvocationAgent.invoke(TestInvoker.java:804)
at org.testng.internal.TestInvoker.invokeTestMethods(TestInvoker.java:145)
at org.testng.internal.TestMethodWorker.invokeTestMethods(TestMethodWorker.java:146)
at org.testng.internal.TestMethodWorker.run(TestMethodWorker.java:128)
at java.util.concurrent.ThreadPoolExecutor.runWorker(ThreadPoolExecutor.java:1149)
at java.util.concurrent.ThreadPoolExecutor$Worker.run(ThreadPoolExecutor.java:624)
at java.lang.Thread.run(Thread.java:748)
]]>
    </failure>
  </testcase> <!-- invalidWPNEngagement -->
  <testcase name="validInputWPNEngagement" classname="scripts.WPNEngagementTest">
    <skipped/>
  </testcase> <!-- validInputWPNEngagement -->
</testsuite> <!-- scripts.WPNEngagementTest -->
